<?xml version="1.0" encoding="UTF-8"?>
<!-- Generated by org.testng.reporters.JUnitReportReporter -->
<testsuite hostname="LAPTOP-BI7DBJ3V" failures="0" tests="1" name="datadriventesting.ExcelUpdate" time="0.545" errors="0" timestamp="2023-09-01T21:58:32 IST" skipped="0">
  <testcase classname="datadriventesting.ExcelUpdate" name="updateCellDetails" time="0.545"/>
  <system-out/>
</testsuite> <!-- datadriventesting.ExcelUpdate -->
