<?xml version="1.0" encoding="UTF-8"?>
<!-- Generated by org.testng.reporters.JUnitReportReporter -->
<testsuite hostname="LAPTOP-BI7DBJ3V" failures="0" tests="4" name="H_TestNg.OrangeHRM" time="25.695" errors="0" timestamp="2023-09-07T01:39:20 IST" skipped="0">
  <testcase classname="H_TestNg.OrangeHRM" name="LoginAndValidation" time="8.563"/>
  <system-out/>
  <testcase classname="H_TestNg.OrangeHRM" name="TestCase1_CreatPIM" time="5.992"/>
  <system-out/>
  <testcase classname="H_TestNg.OrangeHRM" name="TestCase2_Update" time="9.537"/>
  <system-out/>
  <testcase classname="H_TestNg.OrangeHRM" name="TestCase3_Delete" time="1.603"/>
  <system-out/>
</testsuite> <!-- H_TestNg.OrangeHRM -->
