<?xml version="1.0" encoding="UTF-8"?>
<!-- Generated by org.testng.reporters.JUnitReportReporter -->
<testsuite hostname="LAPTOP-BI7DBJ3V" failures="0" tests="6" name="datadriventesting.ExcelReading" time="0.523" errors="0" timestamp="2023-09-01T19:44:28 IST" skipped="0">
  <testcase classname="datadriventesting.ExcelReading" name="getRowDetails" time="0.031"/>
  <system-out/>
  <testcase classname="datadriventesting.ExcelReading" name="getDiffTypeOfCellData" time="0.036"/>
  <system-out/>
  <testcase classname="datadriventesting.ExcelReading" name="testCase" time="0.002"/>
  <system-out/>
  <testcase classname="datadriventesting.ExcelReading" name="readAllDataFromSheet" time="0.027"/>
  <system-out/>
  <testcase classname="datadriventesting.ExcelReading" name="getCellDetails" time="0.394"/>
  <system-out/>
  <testcase classname="datadriventesting.ExcelReading" name="readSheetDetails" time="0.033"/>
  <system-out/>
</testsuite> <!-- datadriventesting.ExcelReading -->
