<?xml version="1.0" encoding="UTF-8"?>
<!-- Generated by org.testng.reporters.JUnitReportReporter -->
<testsuite hostname="LAPTOP-BI7DBJ3V" failures="0" tests="4" name="advancetestng.Parameterization" time="9.040" errors="0" timestamp="2023-09-05T17:01:20 IST" skipped="0">
  <testcase classname="advancetestng.Parameterization" name="testCaseThree" time="0.001"/>
  <system-out/>
  <testcase classname="advancetestng.Parameterization" name="testCaseOne" time="0.008"/>
  <system-out/>
  <testcase classname="advancetestng.Parameterization" name="testLoginOfVtiger" time="9.030"/>
  <system-out/>
  <testcase classname="advancetestng.Parameterization" name="testCaseTwo" time="0.001"/>
  <system-out/>
</testsuite> <!-- advancetestng.Parameterization -->
