<?xml version="1.0" encoding="UTF-8"?>
<!-- Generated by org.testng.reporters.JUnitReportReporter -->
<testsuite hostname="LAPTOP-BI7DBJ3V" failures="0" tests="1" name="datadriventesting.ActitimeLogin" time="31.829" errors="0" timestamp="2023-10-01T10:44:17 IST" skipped="0">
  <testcase classname="datadriventesting.ActitimeLogin" name="testActitimeLogin" time="31.829"/>
</testsuite> <!-- datadriventesting.ActitimeLogin -->
