<?xml version="1.0" encoding="UTF-8"?>
<!-- Generated by org.testng.reporters.JUnitReportReporter -->
<testsuite hostname="LAPTOP-BI7DBJ3V" failures="0" tests="6" name="advancetestng.DataProviderExample" time="36.908" errors="0" timestamp="2023-10-19T16:51:32 IST" skipped="0">
  <testcase classname="advancetestng.DataProviderExample" name="testLoginOfVtiger" time="15.406"/>
  <testcase classname="advancetestng.DataProviderExample" name="testLoginOfVtiger" time="7.148"/>
  <testcase classname="advancetestng.DataProviderExample" name="testLoginOfVtiger" time="14.341"/>
  <testcase classname="advancetestng.DataProviderExample" name="setData" time="0.003"/>
  <testcase classname="advancetestng.DataProviderExample" name="setData" time="0.004"/>
  <testcase classname="advancetestng.DataProviderExample" name="setData" time="0.006"/>
</testsuite> <!-- advancetestng.DataProviderExample -->
