<?xml version="1.0" encoding="UTF-8"?>
<!-- Generated by org.testng.reporters.JUnitReportReporter -->
<testsuite hostname="LAPTOP-BI7DBJ3V" failures="0" tests="5" name="H_TestNg.Vtiger" time="21.332" errors="0" timestamp="2023-09-05T22:34:05 IST" skipped="0">
  <testcase classname="H_TestNg.Vtiger" name="Login" time="4.850"/>
  <system-out/>
  <testcase classname="H_TestNg.Vtiger" name="TestCase1_CreatLead" time="4.928"/>
  <system-out/>
  <testcase classname="H_TestNg.Vtiger" name="TestCase2_Update" time="5.318"/>
  <system-out/>
  <testcase classname="H_TestNg.Vtiger" name="TestCase3_Delete" time="3.741"/>
  <system-out/>
  <testcase classname="H_TestNg.Vtiger" name="TestCase4_Validation_LogOut" time="2.495"/>
  <system-out/>
</testsuite> <!-- H_TestNg.Vtiger -->
