<?xml version="1.0" encoding="UTF-8"?>
<!-- Generated by org.testng.reporters.JUnitReportReporter -->
<testsuite hostname="LAPTOP-BI7DBJ3V" failures="0" tests="1" name="TestNg.Example1" time="0.014" errors="0" timestamp="2023-08-27T01:02:09 IST" skipped="0">
  <testcase classname="TestNg.Example1" name="f" time="0.014"/>
  <system-out/>
</testsuite> <!-- TestNg.Example1 -->
