<?xml version="1.0" encoding="UTF-8"?>
<!-- Generated by org.testng.reporters.JUnitReportReporter -->
<testsuite hostname="LAPTOP-BI7DBJ3V" failures="0" tests="2" name="advancetestng.GroupExamples2" time="0.003" errors="0" timestamp="2023-09-05T15:14:02 IST" skipped="0">
  <testcase classname="advancetestng.GroupExamples2" name="testPIM" time="0.001"/>
  <system-out/>
  <testcase classname="advancetestng.GroupExamples2" name="testTask" time="0.002"/>
  <system-out/>
</testsuite> <!-- advancetestng.GroupExamples2 -->
