<?xml version="1.0" encoding="UTF-8"?>
<!-- Generated by org.testng.reporters.JUnitReportReporter -->
<testsuite hostname="LAPTOP-BI7DBJ3V" failures="0" tests="1" name="datadriventesting.Assingment3" time="9.004" errors="0" timestamp="2023-09-01T23:32:31 IST" skipped="0">
  <testcase classname="datadriventesting.Assingment3" name="testActitimeLogin" time="9.004"/>
  <system-out/>
</testsuite> <!-- datadriventesting.Assingment3 -->
