<?xml version="1.0" encoding="UTF-8"?>
<!-- Generated by org.testng.reporters.JUnitReportReporter -->
<testsuite hostname="LAPTOP-BI7DBJ3V" failures="0" tests="1" name="datadriventesting.Example2" time="0.700" errors="0" timestamp="2023-09-04T18:12:30 IST" skipped="0">
  <testcase classname="datadriventesting.Example2" name="excelOps" time="0.700"/>
  <system-out/>
</testsuite> <!-- datadriventesting.Example2 -->
