<?xml version="1.0" encoding="UTF-8"?>
<!-- Generated by org.testng.reporters.JUnitReportReporter -->
<testsuite hostname="LAPTOP-BI7DBJ3V" failures="0" tests="2" name="datadriventesting.ExcelReading" time="0.514" errors="0" timestamp="2023-09-25T16:06:49 IST" skipped="0">
  <testcase classname="datadriventesting.ExcelReading" name="testCase" time="0.002"/>
  <testcase classname="datadriventesting.ExcelReading" name="readAllDataFromSheet" time="0.512"/>
</testsuite> <!-- datadriventesting.ExcelReading -->
