<?xml version="1.0" encoding="UTF-8"?>
<!-- Generated by org.testng.reporters.JUnitReportReporter -->
<testsuite hostname="LAPTOP-BI7DBJ3V" failures="0" tests="1" name="datadriventesting.ActitimeLogin" time="41.822" errors="0" timestamp="2023-09-01T22:04:39 IST" skipped="0">
  <testcase classname="datadriventesting.ActitimeLogin" name="testActitimeLogin" time="41.822"/>
  <system-out/>
</testsuite> <!-- datadriventesting.ActitimeLogin -->
