<?xml version="1.0" encoding="UTF-8"?>
<!-- Generated by org.testng.reporters.JUnitReportReporter -->
<testsuite hostname="LAPTOP-BI7DBJ3V" failures="0" tests="1" name="datadriventesting.AssingmentRow1" time="7.098" errors="0" timestamp="2023-09-01T23:03:32 IST" skipped="0">
  <testcase classname="datadriventesting.AssingmentRow1" name="testActitimeLogin" time="7.098"/>
  <system-out/>
</testsuite> <!-- datadriventesting.AssingmentRow1 -->
