<?xml version="1.0" encoding="UTF-8"?>
<!-- Generated by org.testng.reporters.JUnitReportReporter -->
<testsuite hostname="LAPTOP-BI7DBJ3V" failures="0" tests="3" name="testscripts.TestOrangeHrmPim" time="108.355" errors="0" timestamp="2023-09-09T20:32:25 IST" skipped="0">
  <testcase classname="testscripts.TestOrangeHrmPim" name="testPimCreation" time="35.265"/>
  <system-out/>
  <testcase classname="testscripts.TestOrangeHrmPim" name="testPimEdit" time="36.518"/>
  <system-out/>
  <testcase classname="testscripts.TestOrangeHrmPim" name="testPimDeletion" time="36.572"/>
  <system-out/>
</testsuite> <!-- testscripts.TestOrangeHrmPim -->
