<?xml version="1.0" encoding="UTF-8"?>
<!-- Generated by org.testng.reporters.JUnitReportReporter -->
<testsuite hostname="LAPTOP-BI7DBJ3V" failures="0" tests="1" name="Runner.Runner" time="10.254" errors="0" timestamp="2023-12-05T16:36:54 IST" skipped="0">
  <testcase classname="Runner.Runner" name="runScenario" time="10.254"/>
  <system-out/>
</testsuite> <!-- Runner.Runner -->
