<?xml version="1.0" encoding="UTF-8"?>
<!-- Generated by org.testng.reporters.JUnitReportReporter -->
<testsuite hostname="LAPTOP-BI7DBJ3V" failures="0" tests="1" name="Runner.Runner" time="12.184" errors="0" timestamp="2023-12-05T10:35:44 IST" skipped="0">
  <testcase classname="Runner.Runner" name="runScenario" time="12.184"/>
  <system-out/>
</testsuite> <!-- Runner.Runner -->
