<?xml version="1.0" encoding="UTF-8"?>
<!-- Generated by org.testng.reporters.JUnitReportReporter -->
<testsuite hostname="LAPTOP-BI7DBJ3V" failures="0" tests="1" name="Test.TwoTest" time="0.009" errors="0" timestamp="2023-12-04T23:43:26 IST" skipped="0">
  <testcase classname="Test.TwoTest" name="testTow" time="0.009"/>
  <system-out/>
</testsuite> <!-- Test.TwoTest -->
