<?xml version="1.0" encoding="UTF-8"?>
<!-- Generated by org.testng.reporters.JUnitReportReporter -->
<testsuite hostname="LAPTOP-BI7DBJ3V" failures="0" tests="2" name="Test.LoginTest" time="20.887" errors="0" timestamp="2023-12-04T23:43:26 IST" skipped="0">
  <testcase classname="Test.LoginTest" name="login" time="15.049"/>
  <system-out/>
  <testcase classname="Test.LoginTest" name="login" time="5.838"/>
  <system-out/>
</testsuite> <!-- Test.LoginTest -->
