<?xml version="1.0" encoding="UTF-8"?>
<!-- Generated by org.testng.reporters.JUnitReportReporter -->
<testsuite hostname="LAPTOP-BI7DBJ3V" failures="0" tests="3" name="testscripts.TestOrangeHrmPim" time="83.693" errors="0" timestamp="2023-09-09T20:09:44 IST" skipped="0">
  <testcase classname="testscripts.TestOrangeHrmPim" name="testPimCreation" time="29.018"/>
  <testcase classname="testscripts.TestOrangeHrmPim" name="testPimEdit" time="29.668"/>
  <testcase classname="testscripts.TestOrangeHrmPim" name="testPimDeletion" time="25.007"/>
</testsuite> <!-- testscripts.TestOrangeHrmPim -->
